g:\program\0-计算机图形学\大作业\6.3 道具选择\borncraft\borncraft\debug\vc141.pdb
g:\program\0-计算机图形学\大作业\6.3 道具选择\borncraft\borncraft\debug\vc141.idb
g:\program\0-计算机图形学\大作业\6.3 道具选择\borncraft\borncraft\debug\texture.obj
g:\program\0-计算机图形学\大作业\6.3 道具选择\borncraft\borncraft\debug\objectlist.obj
g:\program\0-计算机图形学\大作业\6.3 道具选择\borncraft\borncraft\debug\menu.obj
g:\program\0-计算机图形学\大作业\6.3 道具选择\borncraft\borncraft\debug\mainwindow.obj
g:\program\0-计算机图形学\大作业\6.3 道具选择\borncraft\borncraft\debug\camera.obj
g:\program\0-计算机图形学\大作业\6.4 菜单 存档\borncraft\borncraft\debug\vc141.pdb
g:\program\0-计算机图形学\大作业\6.4 菜单 存档\borncraft\borncraft\debug\vc141.idb
g:\program\0-计算机图形学\大作业\6.4 菜单 存档\borncraft\borncraft\debug\texture.obj
g:\program\0-计算机图形学\大作业\6.4 菜单 存档\borncraft\borncraft\debug\objectlist.obj
g:\program\0-计算机图形学\大作业\6.4 菜单 存档\borncraft\borncraft\debug\mainwindow.obj
g:\program\0-计算机图形学\大作业\6.4 菜单 存档\borncraft\borncraft\debug\camera.obj
g:\program\0-计算机图形学\大作业\6.3 道具选择\borncraft\debug\borncraft.ilk
g:\program\0-计算机图形学\大作业\6.3 道具选择\borncraft\debug\borncraft.exe
g:\program\0-计算机图形学\大作业\6.3 道具选择\borncraft\debug\borncraft.pdb
g:\program\0-计算机图形学\大作业\6.4 菜单 存档\borncraft\debug\borncraft.exe
g:\program\0-计算机图形学\大作业\6.4 菜单 存档\borncraft\debug\borncraft.ilk
g:\program\0-计算机图形学\大作业\6.4 菜单 存档\borncraft\debug\borncraft.pdb
g:\program\0-计算机图形学\大作业\6.3 道具选择\borncraft\borncraft\debug\borncraft.res
g:\program\0-计算机图形学\大作业\6.4 菜单 存档\borncraft\borncraft\debug\borncraft.res
g:\program\0-计算机图形学\大作业\6.4 菜单 存档\borncraft\borncraft\debug\menu.obj
g:\program\0-计算机图形学\大作业\6.4 菜单 存档\borncraft\borncraft\debug\borncraft.tlog\cl.command.1.tlog
g:\program\0-计算机图形学\大作业\6.4 菜单 存档\borncraft\borncraft\debug\borncraft.tlog\cl.read.1.tlog
g:\program\0-计算机图形学\大作业\6.4 菜单 存档\borncraft\borncraft\debug\borncraft.tlog\cl.write.1.tlog
g:\program\0-计算机图形学\大作业\6.4 菜单 存档\borncraft\borncraft\debug\borncraft.tlog\link.command.1.tlog
g:\program\0-计算机图形学\大作业\6.4 菜单 存档\borncraft\borncraft\debug\borncraft.tlog\link.read.1.tlog
g:\program\0-计算机图形学\大作业\6.4 菜单 存档\borncraft\borncraft\debug\borncraft.tlog\link.write.1.tlog
g:\program\0-计算机图形学\大作业\6.4 菜单 存档\borncraft\borncraft\debug\borncraft.tlog\rc.command.1.tlog
g:\program\0-计算机图形学\大作业\6.4 菜单 存档\borncraft\borncraft\debug\borncraft.tlog\rc.read.1.tlog
g:\program\0-计算机图形学\大作业\6.4 菜单 存档\borncraft\borncraft\debug\borncraft.tlog\rc.write.1.tlog
